[2026-01-14T14:11:00.266+0000] {taskinstance.py:1956} INFO - Dependencies all met for dep_context=non-requeueable deps ti=<TaskInstance: ETL_TAXI_TRIP.Prepare_Silver manual__2026-01-14T14:10:24.576620+00:00 [queued]>
[2026-01-14T14:11:00.275+0000] {taskinstance.py:1956} INFO - Dependencies all met for dep_context=requeueable deps ti=<TaskInstance: ETL_TAXI_TRIP.Prepare_Silver manual__2026-01-14T14:10:24.576620+00:00 [queued]>
[2026-01-14T14:11:00.276+0000] {taskinstance.py:2170} INFO - Starting attempt 1 of 3
[2026-01-14T14:11:00.293+0000] {taskinstance.py:2191} INFO - Executing <Task(PythonOperator): Prepare_Silver> on 2026-01-14 14:10:24.576620+00:00
[2026-01-14T14:11:00.299+0000] {standard_task_runner.py:60} INFO - Started process 671 to run task
[2026-01-14T14:11:00.303+0000] {standard_task_runner.py:87} INFO - Running: ['***', 'tasks', 'run', 'ETL_TAXI_TRIP', 'Prepare_Silver', 'manual__2026-01-14T14:10:24.576620+00:00', '--job-id', '38', '--raw', '--subdir', 'DAGS_FOLDER/ELT.py', '--cfg-path', '/tmp/tmp4ie5buxe']
[2026-01-14T14:11:00.305+0000] {standard_task_runner.py:88} INFO - Job 38: Subtask Prepare_Silver
[2026-01-14T14:11:00.359+0000] {task_command.py:423} INFO - Running <TaskInstance: ETL_TAXI_TRIP.Prepare_Silver manual__2026-01-14T14:10:24.576620+00:00 [running]> on host 0f942e5daad9
[2026-01-14T14:11:00.440+0000] {taskinstance.py:2480} INFO - Exporting env vars: AIRFLOW_CTX_DAG_OWNER='***' AIRFLOW_CTX_DAG_ID='ETL_TAXI_TRIP' AIRFLOW_CTX_TASK_ID='Prepare_Silver' AIRFLOW_CTX_EXECUTION_DATE='2026-01-14T14:10:24.576620+00:00' AIRFLOW_CTX_TRY_NUMBER='1' AIRFLOW_CTX_DAG_RUN_ID='manual__2026-01-14T14:10:24.576620+00:00'
[2026-01-14T14:11:09.352+0000] {logging_mixin.py:188} INFO - Column passenger_count has 540149 null values (15.54%)
[2026-01-14T14:11:10.178+0000] {logging_mixin.py:188} INFO - Column RatecodeID has 540149 null values (15.54%)
[2026-01-14T14:11:10.660+0000] {logging_mixin.py:188} INFO - Column store_and_fwd_flag has 540149 null values (15.54%)
[2026-01-14T14:11:15.795+0000] {logging_mixin.py:188} INFO - Column congestion_surcharge has 540149 null values (15.54%)
[2026-01-14T14:11:16.266+0000] {logging_mixin.py:188} INFO - Column Airport_fee has 540149 null values (15.54%)
[2026-01-14T14:11:26.257+0000] {logging_mixin.py:188} INFO - you don't have any duplicated values !!
[2026-01-14T14:11:34.840+0000] {taskinstance.py:2698} ERROR - Task failed with exception
Traceback (most recent call last):
  File "/home/airflow/.local/lib/python3.8/site-packages/airflow/models/taskinstance.py", line 433, in _execute_task
    result = execute_callable(context=context, **execute_callable_kwargs)
  File "/home/airflow/.local/lib/python3.8/site-packages/airflow/operators/python.py", line 199, in execute
    return_value = self.execute_callable()
  File "/home/airflow/.local/lib/python3.8/site-packages/airflow/operators/python.py", line 216, in execute_callable
    return self.python_callable(*self.op_args, **self.op_kwargs)
  File "/opt/airflow/dags/ELT.py", line 182, in Prepare_Silver_Data
    Save_Silver_postgresql(PATH_TEST_SILVER, spark)
  File "/opt/airflow/dags/ELT.py", line 101, in Save_Silver_postgresql
    df_load.write.jdbc(url=jdbc_url, table="silver_data_test", mode="overwrite", properties=connection_properties)
  File "/home/airflow/.local/lib/python3.8/site-packages/pyspark/sql/readwriter.py", line 1983, in jdbc
    jprop.setProperty(k, properties[k])
  File "/home/airflow/.local/lib/python3.8/site-packages/py4j/java_gateway.py", line 1322, in __call__
    return_value = get_return_value(
  File "/home/airflow/.local/lib/python3.8/site-packages/pyspark/errors/exceptions/captured.py", line 179, in deco
    return f(*a, **kw)
  File "/home/airflow/.local/lib/python3.8/site-packages/py4j/protocol.py", line 326, in get_return_value
    raise Py4JJavaError(
py4j.protocol.Py4JJavaError: An error occurred while calling o207.setProperty.
: java.lang.NullPointerException
	at java.base/java.util.concurrent.ConcurrentHashMap.putVal(ConcurrentHashMap.java:1011)
	at java.base/java.util.concurrent.ConcurrentHashMap.put(ConcurrentHashMap.java:1006)
	at java.base/java.util.Properties.put(Properties.java:1304)
	at java.base/java.util.Properties.setProperty(Properties.java:232)
	at java.base/jdk.internal.reflect.NativeMethodAccessorImpl.invoke0(Native Method)
	at java.base/jdk.internal.reflect.NativeMethodAccessorImpl.invoke(NativeMethodAccessorImpl.java:77)
	at java.base/jdk.internal.reflect.DelegatingMethodAccessorImpl.invoke(DelegatingMethodAccessorImpl.java:43)
	at java.base/java.lang.reflect.Method.invoke(Method.java:569)
	at py4j.reflection.MethodInvoker.invoke(MethodInvoker.java:244)
	at py4j.reflection.ReflectionEngine.invoke(ReflectionEngine.java:374)
	at py4j.Gateway.invoke(Gateway.java:282)
	at py4j.commands.AbstractCommand.invokeMethod(AbstractCommand.java:132)
	at py4j.commands.CallCommand.execute(CallCommand.java:79)
	at py4j.ClientServerConnection.waitForCommands(ClientServerConnection.java:182)
	at py4j.ClientServerConnection.run(ClientServerConnection.java:106)
	at java.base/java.lang.Thread.run(Thread.java:840)

[2026-01-14T14:11:34.863+0000] {taskinstance.py:1138} INFO - Marking task as UP_FOR_RETRY. dag_id=ETL_TAXI_TRIP, task_id=Prepare_Silver, execution_date=20260114T141024, start_date=20260114T141100, end_date=20260114T141134
[2026-01-14T14:11:34.915+0000] {standard_task_runner.py:107} ERROR - Failed to execute job 38 for task Prepare_Silver (An error occurred while calling o207.setProperty.
: java.lang.NullPointerException
	at java.base/java.util.concurrent.ConcurrentHashMap.putVal(ConcurrentHashMap.java:1011)
	at java.base/java.util.concurrent.ConcurrentHashMap.put(ConcurrentHashMap.java:1006)
	at java.base/java.util.Properties.put(Properties.java:1304)
	at java.base/java.util.Properties.setProperty(Properties.java:232)
	at java.base/jdk.internal.reflect.NativeMethodAccessorImpl.invoke0(Native Method)
	at java.base/jdk.internal.reflect.NativeMethodAccessorImpl.invoke(NativeMethodAccessorImpl.java:77)
	at java.base/jdk.internal.reflect.DelegatingMethodAccessorImpl.invoke(DelegatingMethodAccessorImpl.java:43)
	at java.base/java.lang.reflect.Method.invoke(Method.java:569)
	at py4j.reflection.MethodInvoker.invoke(MethodInvoker.java:244)
	at py4j.reflection.ReflectionEngine.invoke(ReflectionEngine.java:374)
	at py4j.Gateway.invoke(Gateway.java:282)
	at py4j.commands.AbstractCommand.invokeMethod(AbstractCommand.java:132)
	at py4j.commands.CallCommand.execute(CallCommand.java:79)
	at py4j.ClientServerConnection.waitForCommands(ClientServerConnection.java:182)
	at py4j.ClientServerConnection.run(ClientServerConnection.java:106)
	at java.base/java.lang.Thread.run(Thread.java:840)
; 671)
[2026-01-14T14:11:34.931+0000] {local_task_job_runner.py:234} INFO - Task exited with return code 1
[2026-01-14T14:11:34.982+0000] {taskinstance.py:3280} INFO - 0 downstream tasks scheduled from follow-on schedule check
