[2026-01-13T13:18:37.440+0000] {taskinstance.py:1956} INFO - Dependencies all met for dep_context=non-requeueable deps ti=<TaskInstance: ETL_TAXI_TRIP_V2.extract_data manual__2026-01-13T13:18:35.848386+00:00 [queued]>
[2026-01-13T13:18:37.451+0000] {taskinstance.py:1956} INFO - Dependencies all met for dep_context=requeueable deps ti=<TaskInstance: ETL_TAXI_TRIP_V2.extract_data manual__2026-01-13T13:18:35.848386+00:00 [queued]>
[2026-01-13T13:18:37.451+0000] {taskinstance.py:2170} INFO - Starting attempt 1 of 2
[2026-01-13T13:18:37.465+0000] {taskinstance.py:2191} INFO - Executing <Task(PythonOperator): extract_data> on 2026-01-13 13:18:35.848386+00:00
[2026-01-13T13:18:37.471+0000] {standard_task_runner.py:60} INFO - Started process 3823 to run task
[2026-01-13T13:18:37.475+0000] {standard_task_runner.py:87} INFO - Running: ['***', 'tasks', 'run', 'ETL_TAXI_TRIP_V2', 'extract_data', 'manual__2026-01-13T13:18:35.848386+00:00', '--job-id', '5', '--raw', '--subdir', 'DAGS_FOLDER/ELT.py', '--cfg-path', '/tmp/tmp7pxt1uw1']
[2026-01-13T13:18:37.477+0000] {standard_task_runner.py:88} INFO - Job 5: Subtask extract_data
[2026-01-13T13:18:37.528+0000] {task_command.py:423} INFO - Running <TaskInstance: ETL_TAXI_TRIP_V2.extract_data manual__2026-01-13T13:18:35.848386+00:00 [running]> on host e3906867462a
[2026-01-13T13:18:37.621+0000] {taskinstance.py:2480} INFO - Exporting env vars: AIRFLOW_CTX_DAG_OWNER='***' AIRFLOW_CTX_DAG_ID='ETL_TAXI_TRIP_V2' AIRFLOW_CTX_TASK_ID='extract_data' AIRFLOW_CTX_EXECUTION_DATE='2026-01-13T13:18:35.848386+00:00' AIRFLOW_CTX_TRY_NUMBER='1' AIRFLOW_CTX_DAG_RUN_ID='manual__2026-01-13T13:18:35.848386+00:00'
[2026-01-13T13:18:37.623+0000] {taskinstance.py:2698} ERROR - Task failed with exception
Traceback (most recent call last):
  File "/home/airflow/.local/lib/python3.8/site-packages/airflow/models/taskinstance.py", line 433, in _execute_task
    result = execute_callable(context=context, **execute_callable_kwargs)
  File "/home/airflow/.local/lib/python3.8/site-packages/airflow/operators/python.py", line 199, in execute
    return_value = self.execute_callable()
  File "/home/airflow/.local/lib/python3.8/site-packages/airflow/operators/python.py", line 216, in execute_callable
    return self.python_callable(*self.op_args, **self.op_kwargs)
  File "/opt/airflow/dags/ELT.py", line 59, in extract_data_task
    os.makedirs(os.path.dirname(PATH_DATA), exist_ok=True)
  File "/usr/local/lib/python3.8/os.py", line 213, in makedirs
    makedirs(head, exist_ok=exist_ok)
  File "/usr/local/lib/python3.8/os.py", line 213, in makedirs
    makedirs(head, exist_ok=exist_ok)
  File "/usr/local/lib/python3.8/os.py", line 213, in makedirs
    makedirs(head, exist_ok=exist_ok)
  [Previous line repeated 3 more times]
  File "/usr/local/lib/python3.8/os.py", line 223, in makedirs
    mkdir(name, mode)
PermissionError: [Errno 13] Permission denied: '/media/rachid'
[2026-01-13T13:18:37.637+0000] {taskinstance.py:1138} INFO - Marking task as UP_FOR_RETRY. dag_id=ETL_TAXI_TRIP_V2, task_id=extract_data, execution_date=20260113T131835, start_date=20260113T131837, end_date=20260113T131837
[2026-01-13T13:18:37.653+0000] {standard_task_runner.py:107} ERROR - Failed to execute job 5 for task extract_data ([Errno 13] Permission denied: '/media/rachid'; 3823)
[2026-01-13T13:18:37.695+0000] {local_task_job_runner.py:234} INFO - Task exited with return code 1
[2026-01-13T13:18:37.721+0000] {taskinstance.py:3280} INFO - 0 downstream tasks scheduled from follow-on schedule check
