[2026-01-14T17:37:46.275+0000] {taskinstance.py:1956} INFO - Dependencies all met for dep_context=non-requeueable deps ti=<TaskInstance: ETL_TAXI_TRIP.Prepare_Silver manual__2026-01-14T17:37:11.561587+00:00 [queued]>
[2026-01-14T17:37:46.288+0000] {taskinstance.py:1956} INFO - Dependencies all met for dep_context=requeueable deps ti=<TaskInstance: ETL_TAXI_TRIP.Prepare_Silver manual__2026-01-14T17:37:11.561587+00:00 [queued]>
[2026-01-14T17:37:46.288+0000] {taskinstance.py:2170} INFO - Starting attempt 1 of 3
[2026-01-14T17:37:46.311+0000] {taskinstance.py:2191} INFO - Executing <Task(PythonOperator): Prepare_Silver> on 2026-01-14 17:37:11.561587+00:00
[2026-01-14T17:37:46.317+0000] {standard_task_runner.py:60} INFO - Started process 626 to run task
[2026-01-14T17:37:46.322+0000] {standard_task_runner.py:87} INFO - Running: ['***', 'tasks', 'run', 'ETL_TAXI_TRIP', 'Prepare_Silver', 'manual__2026-01-14T17:37:11.561587+00:00', '--job-id', '4', '--raw', '--subdir', 'DAGS_FOLDER/ELT.py', '--cfg-path', '/tmp/tmpw9r9fw_f']
[2026-01-14T17:37:46.325+0000] {standard_task_runner.py:88} INFO - Job 4: Subtask Prepare_Silver
[2026-01-14T17:37:46.385+0000] {task_command.py:423} INFO - Running <TaskInstance: ETL_TAXI_TRIP.Prepare_Silver manual__2026-01-14T17:37:11.561587+00:00 [running]> on host 993c9366ec1d
[2026-01-14T17:37:46.476+0000] {taskinstance.py:2480} INFO - Exporting env vars: AIRFLOW_CTX_DAG_OWNER='***' AIRFLOW_CTX_DAG_ID='ETL_TAXI_TRIP' AIRFLOW_CTX_TASK_ID='Prepare_Silver' AIRFLOW_CTX_EXECUTION_DATE='2026-01-14T17:37:11.561587+00:00' AIRFLOW_CTX_TRY_NUMBER='1' AIRFLOW_CTX_DAG_RUN_ID='manual__2026-01-14T17:37:11.561587+00:00'
[2026-01-14T17:37:56.393+0000] {logging_mixin.py:188} INFO - Column passenger_count has 540149 null values (15.54%)
[2026-01-14T17:37:57.264+0000] {logging_mixin.py:188} INFO - Column RatecodeID has 540149 null values (15.54%)
[2026-01-14T17:37:57.979+0000] {logging_mixin.py:188} INFO - Column store_and_fwd_flag has 540149 null values (15.54%)
[2026-01-14T17:38:03.684+0000] {logging_mixin.py:188} INFO - Column congestion_surcharge has 540149 null values (15.54%)
[2026-01-14T17:38:04.089+0000] {logging_mixin.py:188} INFO - Column Airport_fee has 540149 null values (15.54%)
[2026-01-14T17:38:15.904+0000] {logging_mixin.py:188} INFO - you don't have any duplicated values !!
[2026-01-14T17:38:24.294+0000] {logging_mixin.py:188} INFO - jdbc:postgresql://localhost:5432/SmartLogiTrackDB
[2026-01-14T17:38:24.901+0000] {python.py:201} INFO - Done. Returned value was: None
[2026-01-14T17:38:24.918+0000] {taskinstance.py:1138} INFO - Marking task as SUCCESS. dag_id=ETL_TAXI_TRIP, task_id=Prepare_Silver, execution_date=20260114T173711, start_date=20260114T173746, end_date=20260114T173824
[2026-01-14T17:38:24.956+0000] {local_task_job_runner.py:234} INFO - Task exited with return code 0
[2026-01-14T17:38:24.985+0000] {taskinstance.py:3280} INFO - 1 downstream tasks scheduled from follow-on schedule check
