[2026-01-14T17:49:24.035+0000] {taskinstance.py:1956} INFO - Dependencies all met for dep_context=non-requeueable deps ti=<TaskInstance: ETL_TAXI_TRIP.Prepare_Silver manual__2026-01-14T17:43:05.955089+00:00 [queued]>
[2026-01-14T17:49:24.056+0000] {taskinstance.py:1956} INFO - Dependencies all met for dep_context=requeueable deps ti=<TaskInstance: ETL_TAXI_TRIP.Prepare_Silver manual__2026-01-14T17:43:05.955089+00:00 [queued]>
[2026-01-14T17:49:24.057+0000] {taskinstance.py:2170} INFO - Starting attempt 2 of 3
[2026-01-14T17:49:24.085+0000] {taskinstance.py:2191} INFO - Executing <Task(PythonOperator): Prepare_Silver> on 2026-01-14 17:43:05.955089+00:00
[2026-01-14T17:49:24.094+0000] {standard_task_runner.py:60} INFO - Started process 2750 to run task
[2026-01-14T17:49:24.100+0000] {standard_task_runner.py:87} INFO - Running: ['***', 'tasks', 'run', 'ETL_TAXI_TRIP', 'Prepare_Silver', 'manual__2026-01-14T17:43:05.955089+00:00', '--job-id', '9', '--raw', '--subdir', 'DAGS_FOLDER/ELT.py', '--cfg-path', '/tmp/tmpgdnxx_jj']
[2026-01-14T17:49:24.104+0000] {standard_task_runner.py:88} INFO - Job 9: Subtask Prepare_Silver
[2026-01-14T17:49:24.191+0000] {task_command.py:423} INFO - Running <TaskInstance: ETL_TAXI_TRIP.Prepare_Silver manual__2026-01-14T17:43:05.955089+00:00 [running]> on host 993c9366ec1d
[2026-01-14T17:49:24.351+0000] {taskinstance.py:2480} INFO - Exporting env vars: AIRFLOW_CTX_DAG_OWNER='***' AIRFLOW_CTX_DAG_ID='ETL_TAXI_TRIP' AIRFLOW_CTX_TASK_ID='Prepare_Silver' AIRFLOW_CTX_EXECUTION_DATE='2026-01-14T17:43:05.955089+00:00' AIRFLOW_CTX_TRY_NUMBER='2' AIRFLOW_CTX_DAG_RUN_ID='manual__2026-01-14T17:43:05.955089+00:00'
[2026-01-14T17:49:25.432+0000] {local_task_job_runner.py:121} ERROR - Received SIGTERM. Terminating subprocesses
[2026-01-14T17:49:25.440+0000] {process_utils.py:131} INFO - Sending 15 to group 2750. PIDs of all processes in the group: [2751, 2750]
[2026-01-14T17:49:25.441+0000] {process_utils.py:86} INFO - Sending the signal 15 to group 2750
[2026-01-14T17:49:25.443+0000] {taskinstance.py:2450} ERROR - Received SIGTERM. Terminating subprocesses.
[2026-01-14T17:49:25.475+0000] {taskinstance.py:2698} ERROR - Task failed with exception
Traceback (most recent call last):
  File "/home/airflow/.local/lib/python3.8/site-packages/airflow/models/taskinstance.py", line 433, in _execute_task
    result = execute_callable(context=context, **execute_callable_kwargs)
  File "/home/airflow/.local/lib/python3.8/site-packages/airflow/operators/python.py", line 199, in execute
    return_value = self.execute_callable()
  File "/home/airflow/.local/lib/python3.8/site-packages/airflow/operators/python.py", line 216, in execute_callable
    return self.python_callable(*self.op_args, **self.op_kwargs)
  File "/opt/airflow/dags/ELT.py", line 133, in Prepare_Silver_Data
    spark = Get_Spark()
  File "/opt/airflow/dags/ELT.py", line 106, in Get_Spark
    SparkSession.builder
  File "/home/airflow/.local/lib/python3.8/site-packages/pyspark/sql/session.py", line 497, in getOrCreate
    sc = SparkContext.getOrCreate(sparkConf)
  File "/home/airflow/.local/lib/python3.8/site-packages/pyspark/context.py", line 515, in getOrCreate
    SparkContext(conf=conf or SparkConf())
  File "/home/airflow/.local/lib/python3.8/site-packages/pyspark/context.py", line 201, in __init__
    SparkContext._ensure_initialized(self, gateway=gateway, conf=conf)
  File "/home/airflow/.local/lib/python3.8/site-packages/pyspark/context.py", line 436, in _ensure_initialized
    SparkContext._gateway = gateway or launch_gateway(conf)
  File "/home/airflow/.local/lib/python3.8/site-packages/pyspark/java_gateway.py", line 104, in launch_gateway
    time.sleep(0.1)
  File "/home/airflow/.local/lib/python3.8/site-packages/airflow/models/taskinstance.py", line 2452, in signal_handler
    raise AirflowException("Task received SIGTERM signal")
airflow.exceptions.AirflowException: Task received SIGTERM signal
[2026-01-14T17:49:25.487+0000] {taskinstance.py:1138} INFO - Marking task as UP_FOR_RETRY. dag_id=ETL_TAXI_TRIP, task_id=Prepare_Silver, execution_date=20260114T174305, start_date=20260114T174924, end_date=20260114T174925
[2026-01-14T17:49:25.537+0000] {standard_task_runner.py:107} ERROR - Failed to execute job 9 for task Prepare_Silver (Task received SIGTERM signal; 2750)
[2026-01-14T17:49:25.589+0000] {process_utils.py:79} INFO - Process psutil.Process(pid=2751, status='terminated', started='17:49:24') (2751) terminated with exit code None
[2026-01-14T17:49:25.590+0000] {process_utils.py:79} INFO - Process psutil.Process(pid=2750, status='terminated', exitcode=1, started='17:49:23') (2750) terminated with exit code 1
[2026-01-14T17:49:25.593+0000] {local_task_job_runner.py:234} INFO - Task exited with return code 143
[2026-01-14T17:49:25.664+0000] {taskinstance.py:3280} INFO - 0 downstream tasks scheduled from follow-on schedule check
